
ROM used:   77/8192 (1%)
            77/8192 (1%) including unused fragments

            0.1 Average locations per line
            5.1 Average locations per statement

RAM used:   6/368 (2%) at main() level
            7/368 (2%) worst case

Stack used: 1 worst case (1 in main + 0 for interrupts)
Stack size: 8

Lines Stmts  %   Files
----- ----- ---  -----
   29    15 100  main.c
  671     0   0  ..\..\..\..\Program Files\PICC\Devices\16F877A.h
----- -----
  700    15 Total

Page ROM  %  RAM   Vol Diff  Functions:
---- --- --- ---   --- ----  ----------
0     21  27    1             @delay_ms1
0     52  68    1   331  2.8  main
 Inline         0             @cinit1

Program metrics:
    Functions               1
    Statements              15
    Comments                119
    Volume (V)              335
    Difficulty (D)          2.6
    Effort to implement (E) 888
    Time to implement (T)   1 minutes
    Est Delivered Bugs (B)  0
    Cyclomatic Complexity   1
    Maintainability (MI)    50

 Segment     Used  Free
-----------  ----  ----
00000-00003     4  0  
00004-007FF    73  1971  
00800-00FFF     0  2048  
01000-017FF     0  2048  
01800-01FFF     0  2048  



