
ROM used:   64/8192 (1%)
            64/8192 (1%) including unused fragments

            0.1 Average locations per line
            7.1 Average locations per statement

RAM used:   6/368 (2%) at main() level
            7/368 (2%) worst case

Stack used: 1 worst case (1 in main + 0 for interrupts)
Stack size: 8

Lines Stmts  %   Files
----- ----- ---  -----
   19     9 100  Kesme.c
  639     0   0  ..\..\..\..\Program Files\PICC\Devices\16F877.h
----- -----
  658     9 Total

Page ROM  %  RAM   Vol Diff  Functions:
---- --- --- ---   --- ----  ----------
0     22  34    1             @delay_ms1
0     38  59    1   136  2.5  main
 Inline         0             @cinit1

Program metrics:
    Functions               1
    Statements              9
    Comments                111
    Volume (V)              141
    Difficulty (D)          2.2
    Effort to implement (E) 309
    Time to implement (T)   0 minutes
    Est Delivered Bugs (B)  0
    Cyclomatic Complexity   1
    Maintainability (MI)    81

 Segment     Used  Free
-----------  ----  ----
00000-00003     4  0  
00004-007FF    60  1984  
00800-00FFF     0  2048  
01000-017FF     0  2048  
01800-01FFF     0  2048  



